Arguments: 
  /usr/local/bin/node /usr/local/Cellar/yarn/1.9.4/libexec/bin/yarn.js init-y

PATH: 
  /Library/Frameworks/Python.framework/Versions/3.7/bin:/usr/local/bin:/usr/bin:/bin:/usr/sbin:/sbin:/Users/aaa/Library/Android/sdk/tools:/Users/aaa/Library/Android/sdk/tools/bin:/Users/aaa/Library/Android/sdk/platform-tools

Yarn version: 
  1.9.4

Node version: 
  8.11.4

Platform: 
  darwin x64

Trace: 
  SyntaxError: /Users/aaa/Downloads/My Apps/new/Server/package.json: Unexpected end of JSON input
      at JSON.parse (<anonymous>)
      at /usr/local/Cellar/yarn/1.9.4/libexec/lib/cli.js:1130:59
      at Generator.next (<anonymous>)
      at step (/usr/local/Cellar/yarn/1.9.4/libexec/lib/cli.js:92:30)
      at /usr/local/Cellar/yarn/1.9.4/libexec/lib/cli.js:103:13
      at <anonymous>

npm manifest: 
  

yarn manifest: 
  No manifest

Lockfile: 
  No lockfile
